<?xml version="1.0" encoding="UTF-8"?>
<testng-results skipped="26" failed="0" ignored="28" total="55" passed="1">
  <reporter-output>
  </reporter-output>
  <suite name="Default suite" duration-ms="1634" started-at="2019-12-10T06:10:14Z" finished-at="2019-12-10T06:10:16Z">
    <groups>
    </groups>
    <test name="Default test" duration-ms="1634" started-at="2019-12-10T06:10:14Z" finished-at="2019-12-10T06:10:16Z">
      <class name="obieeReportsTests.CompleteTravelerInfo">
        <test-method status="PASS" signature="setUp()[pri:0, instance:obieeReportsTests.CompleteTravelerInfo@58ea606c]" name="setUp" is-config="true" duration-ms="15049" started-at="2019-12-10T01:09:59Z" finished-at="2019-12-10T01:10:14Z">
          <reporter-output>
          </reporter-output>
        </test-method> <!-- setUp -->
        <test-method status="PASS" signature="completeTravelerInfo(java.lang.String, java.lang.String, java.lang.String, java.lang.String, java.lang.String)[pri:0, instance:obieeReportsTests.CompleteTravelerInfo@58ea606c]" name="completeTravelerInfo" duration-ms="1490" started-at="2019-12-10T01:10:14Z" data-provider="dp" finished-at="2019-12-10T01:10:16Z">
          <params>
            <param index="0">
              <value>
                <![CDATA[PMOTESTSTED-PMOIVV-N]]>
              </value>
            </param>
            <param index="1">
              <value>
                <![CDATA[1/1/17]]>
              </value>
            </param>
            <param index="2">
              <value>
                <![CDATA[11/30/19]]>
              </value>
            </param>
            <param index="3">
              <value>
                <![CDATA[N]]>
              </value>
            </param>
            <param index="4">
              <value>
                <![CDATA[N]]>
              </value>
            </param>
          </params>
          <reporter-output>
          </reporter-output>
        </test-method> <!-- completeTravelerInfo -->
      </class> <!-- obieeReportsTests.CompleteTravelerInfo -->
      <class name="obieeReportsTests.ConstructedTravel">
        <test-method status="SKIP" signature="constructedTravel(java.lang.String, java.lang.String, java.lang.String, java.lang.String)[pri:0, instance:obieeReportsTests.ConstructedTravel@6f45df59]" name="constructedTravel" duration-ms="1" started-at="2019-12-10T01:10:16Z" data-provider="dp" finished-at="2019-12-10T01:10:16Z">
          <params>
            <param index="0">
              <value>
                <![CDATA[(All Column Values)]]>
              </value>
            </param>
            <param index="1">
              <value>
                <![CDATA[(All Column Values)]]>
              </value>
            </param>
            <param index="2">
              <value>
                <![CDATA[1/1/17]]>
              </value>
            </param>
            <param index="3">
              <value>
                <![CDATA[11/30/17]]>
              </value>
            </param>
          </params>
          <exception class="org.testng.SkipException">
            <message>
              <![CDATA[not running this report currently]]>
            </message>
            <full-stacktrace>
              <![CDATA[org.testng.SkipException: not running this report currently
	at obieeReportsTests.ConstructedTravel.constructedTravel(ConstructedTravel.java:29)
	at sun.reflect.NativeMethodAccessorImpl.invoke0(Native Method)
	at sun.reflect.NativeMethodAccessorImpl.invoke(NativeMethodAccessorImpl.java:62)
	at sun.reflect.DelegatingMethodAccessorImpl.invoke(DelegatingMethodAccessorImpl.java:43)
	at java.lang.reflect.Method.invoke(Method.java:498)
	at org.testng.internal.MethodInvocationHelper.invokeMethod(MethodInvocationHelper.java:108)
	at org.testng.internal.Invoker.invokeMethod(Invoker.java:661)
	at org.testng.internal.Invoker.invokeTestMethod(Invoker.java:869)
	at org.testng.internal.Invoker.invokeTestMethods(Invoker.java:1193)
	at org.testng.internal.TestMethodWorker.invokeTestMethods(TestMethodWorker.java:126)
	at org.testng.internal.TestMethodWorker.run(TestMethodWorker.java:109)
	at org.testng.TestRunner.privateRun(TestRunner.java:744)
	at org.testng.TestRunner.run(TestRunner.java:602)
	at org.testng.SuiteRunner.runTest(SuiteRunner.java:380)
	at org.testng.SuiteRunner.runSequentially(SuiteRunner.java:375)
	at org.testng.SuiteRunner.privateRun(SuiteRunner.java:340)
	at org.testng.SuiteRunner.run(SuiteRunner.java:289)
	at org.testng.SuiteRunnerWorker.runSuite(SuiteRunnerWorker.java:52)
	at org.testng.SuiteRunnerWorker.run(SuiteRunnerWorker.java:86)
	at org.testng.TestNG.runSuitesSequentially(TestNG.java:1301)
	at org.testng.TestNG.runSuitesLocally(TestNG.java:1226)
	at org.testng.TestNG.runSuites(TestNG.java:1144)
	at org.testng.TestNG.run(TestNG.java:1115)
	at org.testng.remote.AbstractRemoteTestNG.run(AbstractRemoteTestNG.java:115)
	at org.testng.remote.RemoteTestNG.initAndRun(RemoteTestNG.java:251)
	at org.testng.remote.RemoteTestNG.main(RemoteTestNG.java:77)
]]>
            </full-stacktrace>
          </exception> <!-- org.testng.SkipException -->
          <reporter-output>
          </reporter-output>
        </test-method> <!-- constructedTravel -->
      </class> <!-- obieeReportsTests.ConstructedTravel -->
      <class name="obieeReportsTests.RoutingStatus">
        <test-method status="SKIP" signature="routingStatus(java.lang.String, java.lang.String, java.lang.String, java.lang.String)[pri:0, instance:obieeReportsTests.RoutingStatus@38e79ae3]" name="routingStatus" duration-ms="1" started-at="2019-12-10T01:10:16Z" data-provider="dp" finished-at="2019-12-10T01:10:16Z">
          <params>
            <param index="0">
              <value>
                <![CDATA[(All Column Values)]]>
              </value>
            </param>
            <param index="1">
              <value>
                <![CDATA[(All Column Values)]]>
              </value>
            </param>
            <param index="2">
              <value>
                <![CDATA[(All Column Values)]]>
              </value>
            </param>
            <param index="3">
              <value>
                <![CDATA[10.0]]>
              </value>
            </param>
          </params>
          <exception class="org.testng.SkipException">
            <message>
              <![CDATA[not running this report currently]]>
            </message>
            <full-stacktrace>
              <![CDATA[org.testng.SkipException: not running this report currently
	at obieeReportsTests.RoutingStatus.routingStatus(RoutingStatus.java:28)
	at sun.reflect.NativeMethodAccessorImpl.invoke0(Native Method)
	at sun.reflect.NativeMethodAccessorImpl.invoke(NativeMethodAccessorImpl.java:62)
	at sun.reflect.DelegatingMethodAccessorImpl.invoke(DelegatingMethodAccessorImpl.java:43)
	at java.lang.reflect.Method.invoke(Method.java:498)
	at org.testng.internal.MethodInvocationHelper.invokeMethod(MethodInvocationHelper.java:108)
	at org.testng.internal.Invoker.invokeMethod(Invoker.java:661)
	at org.testng.internal.Invoker.invokeTestMethod(Invoker.java:869)
	at org.testng.internal.Invoker.invokeTestMethods(Invoker.java:1193)
	at org.testng.internal.TestMethodWorker.invokeTestMethods(TestMethodWorker.java:126)
	at org.testng.internal.TestMethodWorker.run(TestMethodWorker.java:109)
	at org.testng.TestRunner.privateRun(TestRunner.java:744)
	at org.testng.TestRunner.run(TestRunner.java:602)
	at org.testng.SuiteRunner.runTest(SuiteRunner.java:380)
	at org.testng.SuiteRunner.runSequentially(SuiteRunner.java:375)
	at org.testng.SuiteRunner.privateRun(SuiteRunner.java:340)
	at org.testng.SuiteRunner.run(SuiteRunner.java:289)
	at org.testng.SuiteRunnerWorker.runSuite(SuiteRunnerWorker.java:52)
	at org.testng.SuiteRunnerWorker.run(SuiteRunnerWorker.java:86)
	at org.testng.TestNG.runSuitesSequentially(TestNG.java:1301)
	at org.testng.TestNG.runSuitesLocally(TestNG.java:1226)
	at org.testng.TestNG.runSuites(TestNG.java:1144)
	at org.testng.TestNG.run(TestNG.java:1115)
	at org.testng.remote.AbstractRemoteTestNG.run(AbstractRemoteTestNG.java:115)
	at org.testng.remote.RemoteTestNG.initAndRun(RemoteTestNG.java:251)
	at org.testng.remote.RemoteTestNG.main(RemoteTestNG.java:77)
]]>
            </full-stacktrace>
          </exception> <!-- org.testng.SkipException -->
          <reporter-output>
          </reporter-output>
        </test-method> <!-- routingStatus -->
      </class> <!-- obieeReportsTests.RoutingStatus -->
      <class name="obieeReportsTests.TravelerStatus">
        <test-method status="SKIP" signature="travelerStatus(java.lang.String, java.lang.String, java.lang.String, java.lang.String)[pri:0, instance:obieeReportsTests.TravelerStatus@63070bab]" name="travelerStatus" duration-ms="1" started-at="2019-12-10T01:10:16Z" data-provider="dp" finished-at="2019-12-10T01:10:16Z">
          <params>
            <param index="0">
              <value>
                <![CDATA[(All Column Values)]]>
              </value>
            </param>
            <param index="1">
              <value>
                <![CDATA[1/1/17]]>
              </value>
            </param>
            <param index="2">
              <value>
                <![CDATA[11/30/19]]>
              </value>
            </param>
            <param index="3">
              <value>
                <![CDATA[11/30/19]]>
              </value>
            </param>
          </params>
          <exception class="org.testng.SkipException">
            <message>
              <![CDATA[not running this report currently]]>
            </message>
            <full-stacktrace>
              <![CDATA[org.testng.SkipException: not running this report currently
	at obieeReportsTests.TravelerStatus.travelerStatus(TravelerStatus.java:29)
	at sun.reflect.NativeMethodAccessorImpl.invoke0(Native Method)
	at sun.reflect.NativeMethodAccessorImpl.invoke(NativeMethodAccessorImpl.java:62)
	at sun.reflect.DelegatingMethodAccessorImpl.invoke(DelegatingMethodAccessorImpl.java:43)
	at java.lang.reflect.Method.invoke(Method.java:498)
	at org.testng.internal.MethodInvocationHelper.invokeMethod(MethodInvocationHelper.java:108)
	at org.testng.internal.Invoker.invokeMethod(Invoker.java:661)
	at org.testng.internal.Invoker.invokeTestMethod(Invoker.java:869)
	at org.testng.internal.Invoker.invokeTestMethods(Invoker.java:1193)
	at org.testng.internal.TestMethodWorker.invokeTestMethods(TestMethodWorker.java:126)
	at org.testng.internal.TestMethodWorker.run(TestMethodWorker.java:109)
	at org.testng.TestRunner.privateRun(TestRunner.java:744)
	at org.testng.TestRunner.run(TestRunner.java:602)
	at org.testng.SuiteRunner.runTest(SuiteRunner.java:380)
	at org.testng.SuiteRunner.runSequentially(SuiteRunner.java:375)
	at org.testng.SuiteRunner.privateRun(SuiteRunner.java:340)
	at org.testng.SuiteRunner.run(SuiteRunner.java:289)
	at org.testng.SuiteRunnerWorker.runSuite(SuiteRunnerWorker.java:52)
	at org.testng.SuiteRunnerWorker.run(SuiteRunnerWorker.java:86)
	at org.testng.TestNG.runSuitesSequentially(TestNG.java:1301)
	at org.testng.TestNG.runSuitesLocally(TestNG.java:1226)
	at org.testng.TestNG.runSuites(TestNG.java:1144)
	at org.testng.TestNG.run(TestNG.java:1115)
	at org.testng.remote.AbstractRemoteTestNG.run(AbstractRemoteTestNG.java:115)
	at org.testng.remote.RemoteTestNG.initAndRun(RemoteTestNG.java:251)
	at org.testng.remote.RemoteTestNG.main(RemoteTestNG.java:77)
]]>
            </full-stacktrace>
          </exception> <!-- org.testng.SkipException -->
          <reporter-output>
          </reporter-output>
        </test-method> <!-- travelerStatus -->
      </class> <!-- obieeReportsTests.TravelerStatus -->
      <class name="obieeReportsTests.AuditTrailPersonData">
        <test-method status="SKIP" signature="auditTrailPersonData(java.lang.String, java.lang.String, java.lang.String)[pri:0, instance:obieeReportsTests.AuditTrailPersonData@291b4bf5]" name="auditTrailPersonData" duration-ms="0" started-at="2019-12-10T01:10:16Z" data-provider="dp" finished-at="2019-12-10T01:10:16Z">
          <params>
            <param index="0">
              <value>
                <![CDATA[NULL]]>
              </value>
            </param>
            <param index="1">
              <value>
                <![CDATA[1/1/17]]>
              </value>
            </param>
            <param index="2">
              <value>
                <![CDATA[11/30/19]]>
              </value>
            </param>
          </params>
          <exception class="org.testng.SkipException">
            <message>
              <![CDATA[not running this report currently]]>
            </message>
            <full-stacktrace>
              <![CDATA[org.testng.SkipException: not running this report currently
	at obieeReportsTests.AuditTrailPersonData.auditTrailPersonData(AuditTrailPersonData.java:28)
	at sun.reflect.NativeMethodAccessorImpl.invoke0(Native Method)
	at sun.reflect.NativeMethodAccessorImpl.invoke(NativeMethodAccessorImpl.java:62)
	at sun.reflect.DelegatingMethodAccessorImpl.invoke(DelegatingMethodAccessorImpl.java:43)
	at java.lang.reflect.Method.invoke(Method.java:498)
	at org.testng.internal.MethodInvocationHelper.invokeMethod(MethodInvocationHelper.java:108)
	at org.testng.internal.Invoker.invokeMethod(Invoker.java:661)
	at org.testng.internal.Invoker.invokeTestMethod(Invoker.java:869)
	at org.testng.internal.Invoker.invokeTestMethods(Invoker.java:1193)
	at org.testng.internal.TestMethodWorker.invokeTestMethods(TestMethodWorker.java:126)
	at org.testng.internal.TestMethodWorker.run(TestMethodWorker.java:109)
	at org.testng.TestRunner.privateRun(TestRunner.java:744)
	at org.testng.TestRunner.run(TestRunner.java:602)
	at org.testng.SuiteRunner.runTest(SuiteRunner.java:380)
	at org.testng.SuiteRunner.runSequentially(SuiteRunner.java:375)
	at org.testng.SuiteRunner.privateRun(SuiteRunner.java:340)
	at org.testng.SuiteRunner.run(SuiteRunner.java:289)
	at org.testng.SuiteRunnerWorker.runSuite(SuiteRunnerWorker.java:52)
	at org.testng.SuiteRunnerWorker.run(SuiteRunnerWorker.java:86)
	at org.testng.TestNG.runSuitesSequentially(TestNG.java:1301)
	at org.testng.TestNG.runSuitesLocally(TestNG.java:1226)
	at org.testng.TestNG.runSuites(TestNG.java:1144)
	at org.testng.TestNG.run(TestNG.java:1115)
	at org.testng.remote.AbstractRemoteTestNG.run(AbstractRemoteTestNG.java:115)
	at org.testng.remote.RemoteTestNG.initAndRun(RemoteTestNG.java:251)
	at org.testng.remote.RemoteTestNG.main(RemoteTestNG.java:77)
]]>
            </full-stacktrace>
          </exception> <!-- org.testng.SkipException -->
          <reporter-output>
          </reporter-output>
        </test-method> <!-- auditTrailPersonData -->
      </class> <!-- obieeReportsTests.AuditTrailPersonData -->
      <class name="obieeReportsTests.TripDetails">
        <test-method status="SKIP" signature="tripDetails(java.lang.String, java.lang.String, java.lang.String, java.lang.String, java.lang.String, java.lang.String, java.lang.String, java.lang.String, java.lang.String, java.lang.String)[pri:0, instance:obieeReportsTests.TripDetails@68e5eea7]" name="tripDetails" duration-ms="1" started-at="2019-12-10T01:10:16Z" data-provider="dp" finished-at="2019-12-10T01:10:16Z">
          <params>
            <param index="0">
              <value>
                <![CDATA[(All Column Values)]]>
              </value>
            </param>
            <param index="1">
              <value>
                <![CDATA[(All Column Values)]]>
              </value>
            </param>
            <param index="2">
              <value>
                <![CDATA[5 or fewer]]>
              </value>
            </param>
            <param index="3">
              <value>
                <![CDATA[1/1/16]]>
              </value>
            </param>
            <param index="4">
              <value>
                <![CDATA[11/30/19]]>
              </value>
            </param>
            <param index="5">
              <value>
                <![CDATA[1/1/16]]>
              </value>
            </param>
            <param index="6">
              <value>
                <![CDATA[11/30/19]]>
              </value>
            </param>
            <param index="7">
              <value>
                <![CDATA[1/1/16]]>
              </value>
            </param>
            <param index="8">
              <value>
                <![CDATA[11/30/19]]>
              </value>
            </param>
            <param index="9">
              <value>
                <![CDATA[(All Column Values)]]>
              </value>
            </param>
          </params>
          <exception class="org.testng.SkipException">
            <message>
              <![CDATA[not running this report currently]]>
            </message>
            <full-stacktrace>
              <![CDATA[org.testng.SkipException: not running this report currently
	at obieeReportsTests.TripDetails.tripDetails(TripDetails.java:36)
	at sun.reflect.NativeMethodAccessorImpl.invoke0(Native Method)
	at sun.reflect.NativeMethodAccessorImpl.invoke(NativeMethodAccessorImpl.java:62)
	at sun.reflect.DelegatingMethodAccessorImpl.invoke(DelegatingMethodAccessorImpl.java:43)
	at java.lang.reflect.Method.invoke(Method.java:498)
	at org.testng.internal.MethodInvocationHelper.invokeMethod(MethodInvocationHelper.java:108)
	at org.testng.internal.Invoker.invokeMethod(Invoker.java:661)
	at org.testng.internal.Invoker.invokeTestMethod(Invoker.java:869)
	at org.testng.internal.Invoker.invokeTestMethods(Invoker.java:1193)
	at org.testng.internal.TestMethodWorker.invokeTestMethods(TestMethodWorker.java:126)
	at org.testng.internal.TestMethodWorker.run(TestMethodWorker.java:109)
	at org.testng.TestRunner.privateRun(TestRunner.java:744)
	at org.testng.TestRunner.run(TestRunner.java:602)
	at org.testng.SuiteRunner.runTest(SuiteRunner.java:380)
	at org.testng.SuiteRunner.runSequentially(SuiteRunner.java:375)
	at org.testng.SuiteRunner.privateRun(SuiteRunner.java:340)
	at org.testng.SuiteRunner.run(SuiteRunner.java:289)
	at org.testng.SuiteRunnerWorker.runSuite(SuiteRunnerWorker.java:52)
	at org.testng.SuiteRunnerWorker.run(SuiteRunnerWorker.java:86)
	at org.testng.TestNG.runSuitesSequentially(TestNG.java:1301)
	at org.testng.TestNG.runSuitesLocally(TestNG.java:1226)
	at org.testng.TestNG.runSuites(TestNG.java:1144)
	at org.testng.TestNG.run(TestNG.java:1115)
	at org.testng.remote.AbstractRemoteTestNG.run(AbstractRemoteTestNG.java:115)
	at org.testng.remote.RemoteTestNG.initAndRun(RemoteTestNG.java:251)
	at org.testng.remote.RemoteTestNG.main(RemoteTestNG.java:77)
]]>
            </full-stacktrace>
          </exception> <!-- org.testng.SkipException -->
          <reporter-output>
          </reporter-output>
        </test-method> <!-- tripDetails -->
      </class> <!-- obieeReportsTests.TripDetails -->
      <class name="obieeReportsTests.EnlistedBAS">
        <test-method status="SKIP" signature="enlistedBAS(java.lang.String, java.lang.String, java.lang.String, java.lang.String)[pri:0, instance:obieeReportsTests.EnlistedBAS@762ef0ea]" name="enlistedBAS" duration-ms="2" started-at="2019-12-10T01:10:16Z" data-provider="dp" finished-at="2019-12-10T01:10:16Z">
          <params>
            <param index="0">
              <value>
                <![CDATA[PMOTESTSTED-PMOIVV-N]]>
              </value>
            </param>
            <param index="1">
              <value>
                <![CDATA[TRIP]]>
              </value>
            </param>
            <param index="2">
              <value>
                <![CDATA[1/1/17]]>
              </value>
            </param>
            <param index="3">
              <value>
                <![CDATA[11/30/19]]>
              </value>
            </param>
          </params>
          <exception class="org.testng.SkipException">
            <message>
              <![CDATA[not running this report currently]]>
            </message>
            <full-stacktrace>
              <![CDATA[org.testng.SkipException: not running this report currently
	at obieeReportsTests.EnlistedBAS.enlistedBAS(EnlistedBAS.java:27)
	at sun.reflect.NativeMethodAccessorImpl.invoke0(Native Method)
	at sun.reflect.NativeMethodAccessorImpl.invoke(NativeMethodAccessorImpl.java:62)
	at sun.reflect.DelegatingMethodAccessorImpl.invoke(DelegatingMethodAccessorImpl.java:43)
	at java.lang.reflect.Method.invoke(Method.java:498)
	at org.testng.internal.MethodInvocationHelper.invokeMethod(MethodInvocationHelper.java:108)
	at org.testng.internal.Invoker.invokeMethod(Invoker.java:661)
	at org.testng.internal.Invoker.invokeTestMethod(Invoker.java:869)
	at org.testng.internal.Invoker.invokeTestMethods(Invoker.java:1193)
	at org.testng.internal.TestMethodWorker.invokeTestMethods(TestMethodWorker.java:126)
	at org.testng.internal.TestMethodWorker.run(TestMethodWorker.java:109)
	at org.testng.TestRunner.privateRun(TestRunner.java:744)
	at org.testng.TestRunner.run(TestRunner.java:602)
	at org.testng.SuiteRunner.runTest(SuiteRunner.java:380)
	at org.testng.SuiteRunner.runSequentially(SuiteRunner.java:375)
	at org.testng.SuiteRunner.privateRun(SuiteRunner.java:340)
	at org.testng.SuiteRunner.run(SuiteRunner.java:289)
	at org.testng.SuiteRunnerWorker.runSuite(SuiteRunnerWorker.java:52)
	at org.testng.SuiteRunnerWorker.run(SuiteRunnerWorker.java:86)
	at org.testng.TestNG.runSuitesSequentially(TestNG.java:1301)
	at org.testng.TestNG.runSuitesLocally(TestNG.java:1226)
	at org.testng.TestNG.runSuites(TestNG.java:1144)
	at org.testng.TestNG.run(TestNG.java:1115)
	at org.testng.remote.AbstractRemoteTestNG.run(AbstractRemoteTestNG.java:115)
	at org.testng.remote.RemoteTestNG.initAndRun(RemoteTestNG.java:251)
	at org.testng.remote.RemoteTestNG.main(RemoteTestNG.java:77)
]]>
            </full-stacktrace>
          </exception> <!-- org.testng.SkipException -->
          <reporter-output>
          </reporter-output>
        </test-method> <!-- enlistedBAS -->
      </class> <!-- obieeReportsTests.EnlistedBAS -->
      <class name="obieeReportsTests.DebtManagementHistory">
        <test-method status="SKIP" signature="debtManagementHistory(java.lang.String)[pri:0, instance:obieeReportsTests.DebtManagementHistory@2d2ffcb7]" name="debtManagementHistory" duration-ms="0" started-at="2019-12-10T01:10:16Z" data-provider="dp" finished-at="2019-12-10T01:10:16Z">
          <params>
            <param index="0">
              <value>
                <![CDATA[(All Column Values)]]>
              </value>
            </param>
          </params>
          <exception class="org.testng.SkipException">
            <message>
              <![CDATA[not running this report currently]]>
            </message>
            <full-stacktrace>
              <![CDATA[org.testng.SkipException: not running this report currently
	at obieeReportsTests.DebtManagementHistory.debtManagementHistory(DebtManagementHistory.java:22)
	at sun.reflect.NativeMethodAccessorImpl.invoke0(Native Method)
	at sun.reflect.NativeMethodAccessorImpl.invoke(NativeMethodAccessorImpl.java:62)
	at sun.reflect.DelegatingMethodAccessorImpl.invoke(DelegatingMethodAccessorImpl.java:43)
	at java.lang.reflect.Method.invoke(Method.java:498)
	at org.testng.internal.MethodInvocationHelper.invokeMethod(MethodInvocationHelper.java:108)
	at org.testng.internal.Invoker.invokeMethod(Invoker.java:661)
	at org.testng.internal.Invoker.invokeTestMethod(Invoker.java:869)
	at org.testng.internal.Invoker.invokeTestMethods(Invoker.java:1193)
	at org.testng.internal.TestMethodWorker.invokeTestMethods(TestMethodWorker.java:126)
	at org.testng.internal.TestMethodWorker.run(TestMethodWorker.java:109)
	at org.testng.TestRunner.privateRun(TestRunner.java:744)
	at org.testng.TestRunner.run(TestRunner.java:602)
	at org.testng.SuiteRunner.runTest(SuiteRunner.java:380)
	at org.testng.SuiteRunner.runSequentially(SuiteRunner.java:375)
	at org.testng.SuiteRunner.privateRun(SuiteRunner.java:340)
	at org.testng.SuiteRunner.run(SuiteRunner.java:289)
	at org.testng.SuiteRunnerWorker.runSuite(SuiteRunnerWorker.java:52)
	at org.testng.SuiteRunnerWorker.run(SuiteRunnerWorker.java:86)
	at org.testng.TestNG.runSuitesSequentially(TestNG.java:1301)
	at org.testng.TestNG.runSuitesLocally(TestNG.java:1226)
	at org.testng.TestNG.runSuites(TestNG.java:1144)
	at org.testng.TestNG.run(TestNG.java:1115)
	at org.testng.remote.AbstractRemoteTestNG.run(AbstractRemoteTestNG.java:115)
	at org.testng.remote.RemoteTestNG.initAndRun(RemoteTestNG.java:251)
	at org.testng.remote.RemoteTestNG.main(RemoteTestNG.java:77)
]]>
            </full-stacktrace>
          </exception> <!-- org.testng.SkipException -->
          <reporter-output>
          </reporter-output>
        </test-method> <!-- debtManagementHistory -->
      </class> <!-- obieeReportsTests.DebtManagementHistory -->
      <class name="obieeReportsTests.DebtManagementSummary">
        <test-method status="SKIP" signature="debtManagementSummary(java.lang.String)[pri:0, instance:obieeReportsTests.DebtManagementSummary@31f9b85e]" name="debtManagementSummary" duration-ms="1" started-at="2019-12-10T01:10:16Z" data-provider="dp" finished-at="2019-12-10T01:10:16Z">
          <params>
            <param index="0">
              <value>
                <![CDATA[(All Column Values)]]>
              </value>
            </param>
          </params>
          <exception class="org.testng.SkipException">
            <message>
              <![CDATA[not running this report currently]]>
            </message>
            <full-stacktrace>
              <![CDATA[org.testng.SkipException: not running this report currently
	at obieeReportsTests.DebtManagementSummary.debtManagementSummary(DebtManagementSummary.java:22)
	at sun.reflect.NativeMethodAccessorImpl.invoke0(Native Method)
	at sun.reflect.NativeMethodAccessorImpl.invoke(NativeMethodAccessorImpl.java:62)
	at sun.reflect.DelegatingMethodAccessorImpl.invoke(DelegatingMethodAccessorImpl.java:43)
	at java.lang.reflect.Method.invoke(Method.java:498)
	at org.testng.internal.MethodInvocationHelper.invokeMethod(MethodInvocationHelper.java:108)
	at org.testng.internal.Invoker.invokeMethod(Invoker.java:661)
	at org.testng.internal.Invoker.invokeTestMethod(Invoker.java:869)
	at org.testng.internal.Invoker.invokeTestMethods(Invoker.java:1193)
	at org.testng.internal.TestMethodWorker.invokeTestMethods(TestMethodWorker.java:126)
	at org.testng.internal.TestMethodWorker.run(TestMethodWorker.java:109)
	at org.testng.TestRunner.privateRun(TestRunner.java:744)
	at org.testng.TestRunner.run(TestRunner.java:602)
	at org.testng.SuiteRunner.runTest(SuiteRunner.java:380)
	at org.testng.SuiteRunner.runSequentially(SuiteRunner.java:375)
	at org.testng.SuiteRunner.privateRun(SuiteRunner.java:340)
	at org.testng.SuiteRunner.run(SuiteRunner.java:289)
	at org.testng.SuiteRunnerWorker.runSuite(SuiteRunnerWorker.java:52)
	at org.testng.SuiteRunnerWorker.run(SuiteRunnerWorker.java:86)
	at org.testng.TestNG.runSuitesSequentially(TestNG.java:1301)
	at org.testng.TestNG.runSuitesLocally(TestNG.java:1226)
	at org.testng.TestNG.runSuites(TestNG.java:1144)
	at org.testng.TestNG.run(TestNG.java:1115)
	at org.testng.remote.AbstractRemoteTestNG.run(AbstractRemoteTestNG.java:115)
	at org.testng.remote.RemoteTestNG.initAndRun(RemoteTestNG.java:251)
	at org.testng.remote.RemoteTestNG.main(RemoteTestNG.java:77)
]]>
            </full-stacktrace>
          </exception> <!-- org.testng.SkipException -->
          <reporter-output>
          </reporter-output>
        </test-method> <!-- debtManagementSummary -->
      </class> <!-- obieeReportsTests.DebtManagementSummary -->
      <class name="obieeReportsTests.StatusSummary">
        <test-method status="SKIP" signature="statusSummary(java.lang.String, java.lang.String, java.lang.String, java.lang.String, java.lang.String, java.lang.String, java.lang.String, java.lang.String, java.lang.String, java.lang.String)[pri:0, instance:obieeReportsTests.StatusSummary@424e1977]" name="statusSummary" duration-ms="2" started-at="2019-12-10T01:10:16Z" data-provider="dp" finished-at="2019-12-10T01:10:16Z">
          <params>
            <param index="0">
              <value>
                <![CDATA[(All Column Values)]]>
              </value>
            </param>
            <param index="1">
              <value>
                <![CDATA[(All Column Values)]]>
              </value>
            </param>
            <param index="2">
              <value>
                <![CDATA[past date]]>
              </value>
            </param>
            <param index="3">
              <value>
                <![CDATA[1/1/16]]>
              </value>
            </param>
            <param index="4">
              <value>
                <![CDATA[11/30/19]]>
              </value>
            </param>
            <param index="5">
              <value>
                <![CDATA[1/1/16]]>
              </value>
            </param>
            <param index="6">
              <value>
                <![CDATA[11/30/19]]>
              </value>
            </param>
            <param index="7">
              <value>
                <![CDATA[1/1/16]]>
              </value>
            </param>
            <param index="8">
              <value>
                <![CDATA[11/30/19]]>
              </value>
            </param>
            <param index="9">
              <value>
                <![CDATA[(All Column Values)]]>
              </value>
            </param>
          </params>
          <exception class="org.testng.SkipException">
            <message>
              <![CDATA[not running this report currently]]>
            </message>
            <full-stacktrace>
              <![CDATA[org.testng.SkipException: not running this report currently
	at obieeReportsTests.StatusSummary.statusSummary(StatusSummary.java:36)
	at sun.reflect.NativeMethodAccessorImpl.invoke0(Native Method)
	at sun.reflect.NativeMethodAccessorImpl.invoke(NativeMethodAccessorImpl.java:62)
	at sun.reflect.DelegatingMethodAccessorImpl.invoke(DelegatingMethodAccessorImpl.java:43)
	at java.lang.reflect.Method.invoke(Method.java:498)
	at org.testng.internal.MethodInvocationHelper.invokeMethod(MethodInvocationHelper.java:108)
	at org.testng.internal.Invoker.invokeMethod(Invoker.java:661)
	at org.testng.internal.Invoker.invokeTestMethod(Invoker.java:869)
	at org.testng.internal.Invoker.invokeTestMethods(Invoker.java:1193)
	at org.testng.internal.TestMethodWorker.invokeTestMethods(TestMethodWorker.java:126)
	at org.testng.internal.TestMethodWorker.run(TestMethodWorker.java:109)
	at org.testng.TestRunner.privateRun(TestRunner.java:744)
	at org.testng.TestRunner.run(TestRunner.java:602)
	at org.testng.SuiteRunner.runTest(SuiteRunner.java:380)
	at org.testng.SuiteRunner.runSequentially(SuiteRunner.java:375)
	at org.testng.SuiteRunner.privateRun(SuiteRunner.java:340)
	at org.testng.SuiteRunner.run(SuiteRunner.java:289)
	at org.testng.SuiteRunnerWorker.runSuite(SuiteRunnerWorker.java:52)
	at org.testng.SuiteRunnerWorker.run(SuiteRunnerWorker.java:86)
	at org.testng.TestNG.runSuitesSequentially(TestNG.java:1301)
	at org.testng.TestNG.runSuitesLocally(TestNG.java:1226)
	at org.testng.TestNG.runSuites(TestNG.java:1144)
	at org.testng.TestNG.run(TestNG.java:1115)
	at org.testng.remote.AbstractRemoteTestNG.run(AbstractRemoteTestNG.java:115)
	at org.testng.remote.RemoteTestNG.initAndRun(RemoteTestNG.java:251)
	at org.testng.remote.RemoteTestNG.main(RemoteTestNG.java:77)
]]>
            </full-stacktrace>
          </exception> <!-- org.testng.SkipException -->
          <reporter-output>
          </reporter-output>
        </test-method> <!-- statusSummary -->
      </class> <!-- obieeReportsTests.StatusSummary -->
      <class name="obieeReportsTests.SpecialDuty">
        <test-method status="SKIP" signature="specialDuty(java.lang.String, java.lang.String, java.lang.String, java.lang.String)[pri:0, instance:obieeReportsTests.SpecialDuty@10d68fcd]" name="specialDuty" duration-ms="1" started-at="2019-12-10T01:10:16Z" data-provider="dp" finished-at="2019-12-10T01:10:16Z">
          <params>
            <param index="0">
              <value>
                <![CDATA[(All Column Values)]]>
              </value>
            </param>
            <param index="1">
              <value>
                <![CDATA[(All Column Values)]]>
              </value>
            </param>
            <param index="2">
              <value>
                <![CDATA[1/1/17]]>
              </value>
            </param>
            <param index="3">
              <value>
                <![CDATA[11/30/19]]>
              </value>
            </param>
          </params>
          <exception class="org.testng.SkipException">
            <message>
              <![CDATA[not running this report currently]]>
            </message>
            <full-stacktrace>
              <![CDATA[org.testng.SkipException: not running this report currently
	at obieeReportsTests.SpecialDuty.specialDuty(SpecialDuty.java:27)
	at sun.reflect.NativeMethodAccessorImpl.invoke0(Native Method)
	at sun.reflect.NativeMethodAccessorImpl.invoke(NativeMethodAccessorImpl.java:62)
	at sun.reflect.DelegatingMethodAccessorImpl.invoke(DelegatingMethodAccessorImpl.java:43)
	at java.lang.reflect.Method.invoke(Method.java:498)
	at org.testng.internal.MethodInvocationHelper.invokeMethod(MethodInvocationHelper.java:108)
	at org.testng.internal.Invoker.invokeMethod(Invoker.java:661)
	at org.testng.internal.Invoker.invokeTestMethod(Invoker.java:869)
	at org.testng.internal.Invoker.invokeTestMethods(Invoker.java:1193)
	at org.testng.internal.TestMethodWorker.invokeTestMethods(TestMethodWorker.java:126)
	at org.testng.internal.TestMethodWorker.run(TestMethodWorker.java:109)
	at org.testng.TestRunner.privateRun(TestRunner.java:744)
	at org.testng.TestRunner.run(TestRunner.java:602)
	at org.testng.SuiteRunner.runTest(SuiteRunner.java:380)
	at org.testng.SuiteRunner.runSequentially(SuiteRunner.java:375)
	at org.testng.SuiteRunner.privateRun(SuiteRunner.java:340)
	at org.testng.SuiteRunner.run(SuiteRunner.java:289)
	at org.testng.SuiteRunnerWorker.runSuite(SuiteRunnerWorker.java:52)
	at org.testng.SuiteRunnerWorker.run(SuiteRunnerWorker.java:86)
	at org.testng.TestNG.runSuitesSequentially(TestNG.java:1301)
	at org.testng.TestNG.runSuitesLocally(TestNG.java:1226)
	at org.testng.TestNG.runSuites(TestNG.java:1144)
	at org.testng.TestNG.run(TestNG.java:1115)
	at org.testng.remote.AbstractRemoteTestNG.run(AbstractRemoteTestNG.java:115)
	at org.testng.remote.RemoteTestNG.initAndRun(RemoteTestNG.java:251)
	at org.testng.remote.RemoteTestNG.main(RemoteTestNG.java:77)
]]>
            </full-stacktrace>
          </exception> <!-- org.testng.SkipException -->
          <reporter-output>
          </reporter-output>
        </test-method> <!-- specialDuty -->
      </class> <!-- obieeReportsTests.SpecialDuty -->
      <class name="obieeReportsTests.AuditTrailGOVCCandEFT">
        <test-method status="SKIP" signature="auditTrailGOVCCandEFT(java.lang.String, java.lang.String, java.lang.String, java.lang.String)[pri:0, instance:obieeReportsTests.AuditTrailGOVCCandEFT@117e949d]" name="auditTrailGOVCCandEFT" duration-ms="1" started-at="2019-12-10T01:10:16Z" data-provider="dp" finished-at="2019-12-10T01:10:16Z">
          <params>
            <param index="0">
              <value>
                <![CDATA[NULL]]>
              </value>
            </param>
            <param index="1">
              <value>
                <![CDATA[N]]>
              </value>
            </param>
            <param index="2">
              <value>
                <![CDATA[1/1/17]]>
              </value>
            </param>
            <param index="3">
              <value>
                <![CDATA[11/30/19]]>
              </value>
            </param>
          </params>
          <exception class="org.testng.SkipException">
            <message>
              <![CDATA[not running this report currently]]>
            </message>
            <full-stacktrace>
              <![CDATA[org.testng.SkipException: not running this report currently
	at obieeReportsTests.AuditTrailGOVCCandEFT.auditTrailGOVCCandEFT(AuditTrailGOVCCandEFT.java:38)
	at sun.reflect.NativeMethodAccessorImpl.invoke0(Native Method)
	at sun.reflect.NativeMethodAccessorImpl.invoke(NativeMethodAccessorImpl.java:62)
	at sun.reflect.DelegatingMethodAccessorImpl.invoke(DelegatingMethodAccessorImpl.java:43)
	at java.lang.reflect.Method.invoke(Method.java:498)
	at org.testng.internal.MethodInvocationHelper.invokeMethod(MethodInvocationHelper.java:108)
	at org.testng.internal.Invoker.invokeMethod(Invoker.java:661)
	at org.testng.internal.Invoker.invokeTestMethod(Invoker.java:869)
	at org.testng.internal.Invoker.invokeTestMethods(Invoker.java:1193)
	at org.testng.internal.TestMethodWorker.invokeTestMethods(TestMethodWorker.java:126)
	at org.testng.internal.TestMethodWorker.run(TestMethodWorker.java:109)
	at org.testng.TestRunner.privateRun(TestRunner.java:744)
	at org.testng.TestRunner.run(TestRunner.java:602)
	at org.testng.SuiteRunner.runTest(SuiteRunner.java:380)
	at org.testng.SuiteRunner.runSequentially(SuiteRunner.java:375)
	at org.testng.SuiteRunner.privateRun(SuiteRunner.java:340)
	at org.testng.SuiteRunner.run(SuiteRunner.java:289)
	at org.testng.SuiteRunnerWorker.runSuite(SuiteRunnerWorker.java:52)
	at org.testng.SuiteRunnerWorker.run(SuiteRunnerWorker.java:86)
	at org.testng.TestNG.runSuitesSequentially(TestNG.java:1301)
	at org.testng.TestNG.runSuitesLocally(TestNG.java:1226)
	at org.testng.TestNG.runSuites(TestNG.java:1144)
	at org.testng.TestNG.run(TestNG.java:1115)
	at org.testng.remote.AbstractRemoteTestNG.run(AbstractRemoteTestNG.java:115)
	at org.testng.remote.RemoteTestNG.initAndRun(RemoteTestNG.java:251)
	at org.testng.remote.RemoteTestNG.main(RemoteTestNG.java:77)
]]>
            </full-stacktrace>
          </exception> <!-- org.testng.SkipException -->
          <reporter-output>
          </reporter-output>
        </test-method> <!-- auditTrailGOVCCandEFT -->
      </class> <!-- obieeReportsTests.AuditTrailGOVCCandEFT -->
      <class name="obieeReportsTests.ReportOCONUS">
        <test-method status="SKIP" signature="reportOCONUS(java.lang.String, java.lang.String, java.lang.String, java.lang.String, java.lang.String)[pri:0, instance:obieeReportsTests.ReportOCONUS@6db9f5a4]" name="reportOCONUS" duration-ms="0" started-at="2019-12-10T01:10:16Z" data-provider="dp" finished-at="2019-12-10T01:10:16Z">
          <exception class="java.lang.RuntimeException">
            <message>
              <![CDATA[java.lang.NegativeArraySizeException]]>
            </message>
            <full-stacktrace>
              <![CDATA[java.lang.RuntimeException: java.lang.NegativeArraySizeException
	at org.testng.internal.MethodInvocationHelper.invokeMethodNoCheckedException(MethodInvocationHelper.java:49)
	at org.testng.internal.MethodInvocationHelper.invokeDataProvider(MethodInvocationHelper.java:115)
	at org.testng.internal.Parameters.handleParameters(Parameters.java:509)
	at org.testng.internal.Invoker.handleParameters(Invoker.java:1308)
	at org.testng.internal.Invoker.createParameters(Invoker.java:1036)
	at org.testng.internal.Invoker.invokeTestMethods(Invoker.java:1126)
	at org.testng.internal.TestMethodWorker.invokeTestMethods(TestMethodWorker.java:126)
	at org.testng.internal.TestMethodWorker.run(TestMethodWorker.java:109)
	at org.testng.TestRunner.privateRun(TestRunner.java:744)
	at org.testng.TestRunner.run(TestRunner.java:602)
	at org.testng.SuiteRunner.runTest(SuiteRunner.java:380)
	at org.testng.SuiteRunner.runSequentially(SuiteRunner.java:375)
	at org.testng.SuiteRunner.privateRun(SuiteRunner.java:340)
	at org.testng.SuiteRunner.run(SuiteRunner.java:289)
	at org.testng.SuiteRunnerWorker.runSuite(SuiteRunnerWorker.java:52)
	at org.testng.SuiteRunnerWorker.run(SuiteRunnerWorker.java:86)
	at org.testng.TestNG.runSuitesSequentially(TestNG.java:1301)
	at org.testng.TestNG.runSuitesLocally(TestNG.java:1226)
	at org.testng.TestNG.runSuites(TestNG.java:1144)
	at org.testng.TestNG.run(TestNG.java:1115)
	at org.testng.remote.AbstractRemoteTestNG.run(AbstractRemoteTestNG.java:115)
	at org.testng.remote.RemoteTestNG.initAndRun(RemoteTestNG.java:251)
	at org.testng.remote.RemoteTestNG.main(RemoteTestNG.java:77)
Caused by: java.lang.NegativeArraySizeException
	at obieeReportsUtilities.TestUtilReports.getData(TestUtilReports.java:16)
	at sun.reflect.NativeMethodAccessorImpl.invoke0(Native Method)
	at sun.reflect.NativeMethodAccessorImpl.invoke(NativeMethodAccessorImpl.java:62)
	at sun.reflect.DelegatingMethodAccessorImpl.invoke(DelegatingMethodAccessorImpl.java:43)
	at java.lang.reflect.Method.invoke(Method.java:498)
	at org.testng.internal.MethodInvocationHelper.invokeMethod(MethodInvocationHelper.java:108)
	at org.testng.internal.MethodInvocationHelper.invokeMethod(MethodInvocationHelper.java:55)
	at org.testng.internal.MethodInvocationHelper.invokeMethodNoCheckedException(MethodInvocationHelper.java:45)
	... 22 more
]]>
            </full-stacktrace>
          </exception> <!-- java.lang.RuntimeException -->
          <reporter-output>
          </reporter-output>
        </test-method> <!-- reportOCONUS -->
      </class> <!-- obieeReportsTests.ReportOCONUS -->
      <class name="obieeReportsTests.ExpenseReportByDocumentName">
        <test-method status="SKIP" signature="expenseReportByDocumentName(java.lang.String, java.lang.String, java.lang.String)[pri:0, instance:obieeReportsTests.ExpenseReportByDocumentName@5f8edcc5]" name="expenseReportByDocumentName" duration-ms="1" started-at="2019-12-10T01:10:16Z" data-provider="dp" finished-at="2019-12-10T01:10:16Z">
          <params>
            <param index="0">
              <value>
                <![CDATA[(All Column Values)]]>
              </value>
            </param>
            <param index="1">
              <value>
                <![CDATA[1/1/17]]>
              </value>
            </param>
            <param index="2">
              <value>
                <![CDATA[11/30/19]]>
              </value>
            </param>
          </params>
          <exception class="org.testng.SkipException">
            <message>
              <![CDATA[not running this report currently]]>
            </message>
            <full-stacktrace>
              <![CDATA[org.testng.SkipException: not running this report currently
	at obieeReportsTests.ExpenseReportByDocumentName.expenseReportByDocumentName(ExpenseReportByDocumentName.java:26)
	at sun.reflect.NativeMethodAccessorImpl.invoke0(Native Method)
	at sun.reflect.NativeMethodAccessorImpl.invoke(NativeMethodAccessorImpl.java:62)
	at sun.reflect.DelegatingMethodAccessorImpl.invoke(DelegatingMethodAccessorImpl.java:43)
	at java.lang.reflect.Method.invoke(Method.java:498)
	at org.testng.internal.MethodInvocationHelper.invokeMethod(MethodInvocationHelper.java:108)
	at org.testng.internal.Invoker.invokeMethod(Invoker.java:661)
	at org.testng.internal.Invoker.invokeTestMethod(Invoker.java:869)
	at org.testng.internal.Invoker.invokeTestMethods(Invoker.java:1193)
	at org.testng.internal.TestMethodWorker.invokeTestMethods(TestMethodWorker.java:126)
	at org.testng.internal.TestMethodWorker.run(TestMethodWorker.java:109)
	at org.testng.TestRunner.privateRun(TestRunner.java:744)
	at org.testng.TestRunner.run(TestRunner.java:602)
	at org.testng.SuiteRunner.runTest(SuiteRunner.java:380)
	at org.testng.SuiteRunner.runSequentially(SuiteRunner.java:375)
	at org.testng.SuiteRunner.privateRun(SuiteRunner.java:340)
	at org.testng.SuiteRunner.run(SuiteRunner.java:289)
	at org.testng.SuiteRunnerWorker.runSuite(SuiteRunnerWorker.java:52)
	at org.testng.SuiteRunnerWorker.run(SuiteRunnerWorker.java:86)
	at org.testng.TestNG.runSuitesSequentially(TestNG.java:1301)
	at org.testng.TestNG.runSuitesLocally(TestNG.java:1226)
	at org.testng.TestNG.runSuites(TestNG.java:1144)
	at org.testng.TestNG.run(TestNG.java:1115)
	at org.testng.remote.AbstractRemoteTestNG.run(AbstractRemoteTestNG.java:115)
	at org.testng.remote.RemoteTestNG.initAndRun(RemoteTestNG.java:251)
	at org.testng.remote.RemoteTestNG.main(RemoteTestNG.java:77)
]]>
            </full-stacktrace>
          </exception> <!-- org.testng.SkipException -->
          <reporter-output>
          </reporter-output>
        </test-method> <!-- expenseReportByDocumentName -->
      </class> <!-- obieeReportsTests.ExpenseReportByDocumentName -->
      <class name="obieeReportsTests.ReportPERSTEMPO">
        <test-method status="SKIP" signature="reportPERSTEMPO(java.lang.String, java.lang.String, java.lang.String, java.lang.String)[pri:0, instance:obieeReportsTests.ReportPERSTEMPO@7b02881e]" name="reportPERSTEMPO" duration-ms="2" started-at="2019-12-10T01:10:16Z" data-provider="dp" finished-at="2019-12-10T01:10:16Z">
          <params>
            <param index="0">
              <value>
                <![CDATA[(All Column Values)]]>
              </value>
            </param>
            <param index="1">
              <value>
                <![CDATA[Q]]>
              </value>
            </param>
            <param index="2">
              <value>
                <![CDATA[1/1/17]]>
              </value>
            </param>
            <param index="3">
              <value>
                <![CDATA[11/30/19]]>
              </value>
            </param>
          </params>
          <exception class="org.testng.SkipException">
            <message>
              <![CDATA[not running this report currently]]>
            </message>
            <full-stacktrace>
              <![CDATA[org.testng.SkipException: not running this report currently
	at obieeReportsTests.ReportPERSTEMPO.reportPERSTEMPO(ReportPERSTEMPO.java:27)
	at sun.reflect.NativeMethodAccessorImpl.invoke0(Native Method)
	at sun.reflect.NativeMethodAccessorImpl.invoke(NativeMethodAccessorImpl.java:62)
	at sun.reflect.DelegatingMethodAccessorImpl.invoke(DelegatingMethodAccessorImpl.java:43)
	at java.lang.reflect.Method.invoke(Method.java:498)
	at org.testng.internal.MethodInvocationHelper.invokeMethod(MethodInvocationHelper.java:108)
	at org.testng.internal.Invoker.invokeMethod(Invoker.java:661)
	at org.testng.internal.Invoker.invokeTestMethod(Invoker.java:869)
	at org.testng.internal.Invoker.invokeTestMethods(Invoker.java:1193)
	at org.testng.internal.TestMethodWorker.invokeTestMethods(TestMethodWorker.java:126)
	at org.testng.internal.TestMethodWorker.run(TestMethodWorker.java:109)
	at org.testng.TestRunner.privateRun(TestRunner.java:744)
	at org.testng.TestRunner.run(TestRunner.java:602)
	at org.testng.SuiteRunner.runTest(SuiteRunner.java:380)
	at org.testng.SuiteRunner.runSequentially(SuiteRunner.java:375)
	at org.testng.SuiteRunner.privateRun(SuiteRunner.java:340)
	at org.testng.SuiteRunner.run(SuiteRunner.java:289)
	at org.testng.SuiteRunnerWorker.runSuite(SuiteRunnerWorker.java:52)
	at org.testng.SuiteRunnerWorker.run(SuiteRunnerWorker.java:86)
	at org.testng.TestNG.runSuitesSequentially(TestNG.java:1301)
	at org.testng.TestNG.runSuitesLocally(TestNG.java:1226)
	at org.testng.TestNG.runSuites(TestNG.java:1144)
	at org.testng.TestNG.run(TestNG.java:1115)
	at org.testng.remote.AbstractRemoteTestNG.run(AbstractRemoteTestNG.java:115)
	at org.testng.remote.RemoteTestNG.initAndRun(RemoteTestNG.java:251)
	at org.testng.remote.RemoteTestNG.main(RemoteTestNG.java:77)
]]>
            </full-stacktrace>
          </exception> <!-- org.testng.SkipException -->
          <reporter-output>
          </reporter-output>
        </test-method> <!-- reportPERSTEMPO -->
      </class> <!-- obieeReportsTests.ReportPERSTEMPO -->
      <class name="obieeReportsTests.SeparationOfDuty">
        <test-method status="SKIP" signature="separationOfDuty(java.lang.String, java.lang.String, java.lang.String)[pri:0, instance:obieeReportsTests.SeparationOfDuty@1ebd319f]" name="separationOfDuty" duration-ms="1" started-at="2019-12-10T01:10:16Z" data-provider="dp" finished-at="2019-12-10T01:10:16Z">
          <params>
            <param index="0">
              <value>
                <![CDATA[(All Column Values)]]>
              </value>
            </param>
            <param index="1">
              <value>
                <![CDATA[1/1/17]]>
              </value>
            </param>
            <param index="2">
              <value>
                <![CDATA[11/30/19]]>
              </value>
            </param>
          </params>
          <exception class="org.testng.SkipException">
            <message>
              <![CDATA[not running this report currently]]>
            </message>
            <full-stacktrace>
              <![CDATA[org.testng.SkipException: not running this report currently
	at obieeReportsTests.SeparationOfDuty.separationOfDuty(SeparationOfDuty.java:27)
	at sun.reflect.NativeMethodAccessorImpl.invoke0(Native Method)
	at sun.reflect.NativeMethodAccessorImpl.invoke(NativeMethodAccessorImpl.java:62)
	at sun.reflect.DelegatingMethodAccessorImpl.invoke(DelegatingMethodAccessorImpl.java:43)
	at java.lang.reflect.Method.invoke(Method.java:498)
	at org.testng.internal.MethodInvocationHelper.invokeMethod(MethodInvocationHelper.java:108)
	at org.testng.internal.Invoker.invokeMethod(Invoker.java:661)
	at org.testng.internal.Invoker.invokeTestMethod(Invoker.java:869)
	at org.testng.internal.Invoker.invokeTestMethods(Invoker.java:1193)
	at org.testng.internal.TestMethodWorker.invokeTestMethods(TestMethodWorker.java:126)
	at org.testng.internal.TestMethodWorker.run(TestMethodWorker.java:109)
	at org.testng.TestRunner.privateRun(TestRunner.java:744)
	at org.testng.TestRunner.run(TestRunner.java:602)
	at org.testng.SuiteRunner.runTest(SuiteRunner.java:380)
	at org.testng.SuiteRunner.runSequentially(SuiteRunner.java:375)
	at org.testng.SuiteRunner.privateRun(SuiteRunner.java:340)
	at org.testng.SuiteRunner.run(SuiteRunner.java:289)
	at org.testng.SuiteRunnerWorker.runSuite(SuiteRunnerWorker.java:52)
	at org.testng.SuiteRunnerWorker.run(SuiteRunnerWorker.java:86)
	at org.testng.TestNG.runSuitesSequentially(TestNG.java:1301)
	at org.testng.TestNG.runSuitesLocally(TestNG.java:1226)
	at org.testng.TestNG.runSuites(TestNG.java:1144)
	at org.testng.TestNG.run(TestNG.java:1115)
	at org.testng.remote.AbstractRemoteTestNG.run(AbstractRemoteTestNG.java:115)
	at org.testng.remote.RemoteTestNG.initAndRun(RemoteTestNG.java:251)
	at org.testng.remote.RemoteTestNG.main(RemoteTestNG.java:77)
]]>
            </full-stacktrace>
          </exception> <!-- org.testng.SkipException -->
          <reporter-output>
          </reporter-output>
        </test-method> <!-- separationOfDuty -->
      </class> <!-- obieeReportsTests.SeparationOfDuty -->
      <class name="obieeReportsTests.ExpenseWithoutRequiredReceipt">
        <test-method status="SKIP" signature="expenseWithoutRequiredReceipt(java.lang.String, java.lang.String, java.lang.String, java.lang.String)[pri:0, instance:obieeReportsTests.ExpenseWithoutRequiredReceipt@3c0be339]" name="expenseWithoutRequiredReceipt" duration-ms="1" started-at="2019-12-10T01:10:16Z" data-provider="dp" finished-at="2019-12-10T01:10:16Z">
          <params>
            <param index="0">
              <value>
                <![CDATA[(All Column Values)]]>
              </value>
            </param>
            <param index="1">
              <value>
                <![CDATA[(All Column Values)]]>
              </value>
            </param>
            <param index="2">
              <value>
                <![CDATA[1/1/17]]>
              </value>
            </param>
            <param index="3">
              <value>
                <![CDATA[11/30/19]]>
              </value>
            </param>
          </params>
          <exception class="org.testng.SkipException">
            <message>
              <![CDATA[not running this report currently]]>
            </message>
            <full-stacktrace>
              <![CDATA[org.testng.SkipException: not running this report currently
	at obieeReportsTests.ExpenseWithoutRequiredReceipt.expenseWithoutRequiredReceipt(ExpenseWithoutRequiredReceipt.java:28)
	at sun.reflect.NativeMethodAccessorImpl.invoke0(Native Method)
	at sun.reflect.NativeMethodAccessorImpl.invoke(NativeMethodAccessorImpl.java:62)
	at sun.reflect.DelegatingMethodAccessorImpl.invoke(DelegatingMethodAccessorImpl.java:43)
	at java.lang.reflect.Method.invoke(Method.java:498)
	at org.testng.internal.MethodInvocationHelper.invokeMethod(MethodInvocationHelper.java:108)
	at org.testng.internal.Invoker.invokeMethod(Invoker.java:661)
	at org.testng.internal.Invoker.invokeTestMethod(Invoker.java:869)
	at org.testng.internal.Invoker.invokeTestMethods(Invoker.java:1193)
	at org.testng.internal.TestMethodWorker.invokeTestMethods(TestMethodWorker.java:126)
	at org.testng.internal.TestMethodWorker.run(TestMethodWorker.java:109)
	at org.testng.TestRunner.privateRun(TestRunner.java:744)
	at org.testng.TestRunner.run(TestRunner.java:602)
	at org.testng.SuiteRunner.runTest(SuiteRunner.java:380)
	at org.testng.SuiteRunner.runSequentially(SuiteRunner.java:375)
	at org.testng.SuiteRunner.privateRun(SuiteRunner.java:340)
	at org.testng.SuiteRunner.run(SuiteRunner.java:289)
	at org.testng.SuiteRunnerWorker.runSuite(SuiteRunnerWorker.java:52)
	at org.testng.SuiteRunnerWorker.run(SuiteRunnerWorker.java:86)
	at org.testng.TestNG.runSuitesSequentially(TestNG.java:1301)
	at org.testng.TestNG.runSuitesLocally(TestNG.java:1226)
	at org.testng.TestNG.runSuites(TestNG.java:1144)
	at org.testng.TestNG.run(TestNG.java:1115)
	at org.testng.remote.AbstractRemoteTestNG.run(AbstractRemoteTestNG.java:115)
	at org.testng.remote.RemoteTestNG.initAndRun(RemoteTestNG.java:251)
	at org.testng.remote.RemoteTestNG.main(RemoteTestNG.java:77)
]]>
            </full-stacktrace>
          </exception> <!-- org.testng.SkipException -->
          <reporter-output>
          </reporter-output>
        </test-method> <!-- expenseWithoutRequiredReceipt -->
      </class> <!-- obieeReportsTests.ExpenseWithoutRequiredReceipt -->
      <class name="obieeReportsTests.UnsubmittedVoucher">
        <test-method status="SKIP" signature="unsubmittedVoucher(java.lang.String, java.lang.String, java.lang.String, java.lang.String)[pri:0, instance:obieeReportsTests.UnsubmittedVoucher@15ca7889]" name="unsubmittedVoucher" duration-ms="1" started-at="2019-12-10T01:10:16Z" data-provider="dp" finished-at="2019-12-10T01:10:16Z">
          <params>
            <param index="0">
              <value>
                <![CDATA[(All Column Values)]]>
              </value>
            </param>
            <param index="1">
              <value>
                <![CDATA[1/1/17]]>
              </value>
            </param>
            <param index="2">
              <value>
                <![CDATA[11/30/19]]>
              </value>
            </param>
            <param index="3">
              <value>
                <![CDATA[10.0]]>
              </value>
            </param>
          </params>
          <exception class="org.testng.SkipException">
            <message>
              <![CDATA[not running this report currently]]>
            </message>
            <full-stacktrace>
              <![CDATA[org.testng.SkipException: not running this report currently
	at obieeReportsTests.UnsubmittedVoucher.unsubmittedVoucher(UnsubmittedVoucher.java:29)
	at sun.reflect.NativeMethodAccessorImpl.invoke0(Native Method)
	at sun.reflect.NativeMethodAccessorImpl.invoke(NativeMethodAccessorImpl.java:62)
	at sun.reflect.DelegatingMethodAccessorImpl.invoke(DelegatingMethodAccessorImpl.java:43)
	at java.lang.reflect.Method.invoke(Method.java:498)
	at org.testng.internal.MethodInvocationHelper.invokeMethod(MethodInvocationHelper.java:108)
	at org.testng.internal.Invoker.invokeMethod(Invoker.java:661)
	at org.testng.internal.Invoker.invokeTestMethod(Invoker.java:869)
	at org.testng.internal.Invoker.invokeTestMethods(Invoker.java:1193)
	at org.testng.internal.TestMethodWorker.invokeTestMethods(TestMethodWorker.java:126)
	at org.testng.internal.TestMethodWorker.run(TestMethodWorker.java:109)
	at org.testng.TestRunner.privateRun(TestRunner.java:744)
	at org.testng.TestRunner.run(TestRunner.java:602)
	at org.testng.SuiteRunner.runTest(SuiteRunner.java:380)
	at org.testng.SuiteRunner.runSequentially(SuiteRunner.java:375)
	at org.testng.SuiteRunner.privateRun(SuiteRunner.java:340)
	at org.testng.SuiteRunner.run(SuiteRunner.java:289)
	at org.testng.SuiteRunnerWorker.runSuite(SuiteRunnerWorker.java:52)
	at org.testng.SuiteRunnerWorker.run(SuiteRunnerWorker.java:86)
	at org.testng.TestNG.runSuitesSequentially(TestNG.java:1301)
	at org.testng.TestNG.runSuitesLocally(TestNG.java:1226)
	at org.testng.TestNG.runSuites(TestNG.java:1144)
	at org.testng.TestNG.run(TestNG.java:1115)
	at org.testng.remote.AbstractRemoteTestNG.run(AbstractRemoteTestNG.java:115)
	at org.testng.remote.RemoteTestNG.initAndRun(RemoteTestNG.java:251)
	at org.testng.remote.RemoteTestNG.main(RemoteTestNG.java:77)
]]>
            </full-stacktrace>
          </exception> <!-- org.testng.SkipException -->
          <reporter-output>
          </reporter-output>
        </test-method> <!-- unsubmittedVoucher -->
      </class> <!-- obieeReportsTests.UnsubmittedVoucher -->
      <class name="obieeReportsTests.AuditTrailUserData">
        <test-method status="SKIP" signature="auditTrailUserData(java.lang.String, java.lang.String, java.lang.String)[pri:0, instance:obieeReportsTests.AuditTrailUserData@7a675056]" name="auditTrailUserData" duration-ms="1" started-at="2019-12-10T01:10:16Z" data-provider="dp" finished-at="2019-12-10T01:10:16Z">
          <params>
            <param index="0">
              <value>
                <![CDATA[NULL]]>
              </value>
            </param>
            <param index="1">
              <value>
                <![CDATA[1/1/17]]>
              </value>
            </param>
            <param index="2">
              <value>
                <![CDATA[11/30/19]]>
              </value>
            </param>
          </params>
          <exception class="org.testng.SkipException">
            <message>
              <![CDATA[not running this report currently]]>
            </message>
            <full-stacktrace>
              <![CDATA[org.testng.SkipException: not running this report currently
	at obieeReportsTests.AuditTrailUserData.auditTrailUserData(AuditTrailUserData.java:27)
	at sun.reflect.NativeMethodAccessorImpl.invoke0(Native Method)
	at sun.reflect.NativeMethodAccessorImpl.invoke(NativeMethodAccessorImpl.java:62)
	at sun.reflect.DelegatingMethodAccessorImpl.invoke(DelegatingMethodAccessorImpl.java:43)
	at java.lang.reflect.Method.invoke(Method.java:498)
	at org.testng.internal.MethodInvocationHelper.invokeMethod(MethodInvocationHelper.java:108)
	at org.testng.internal.Invoker.invokeMethod(Invoker.java:661)
	at org.testng.internal.Invoker.invokeTestMethod(Invoker.java:869)
	at org.testng.internal.Invoker.invokeTestMethods(Invoker.java:1193)
	at org.testng.internal.TestMethodWorker.invokeTestMethods(TestMethodWorker.java:126)
	at org.testng.internal.TestMethodWorker.run(TestMethodWorker.java:109)
	at org.testng.TestRunner.privateRun(TestRunner.java:744)
	at org.testng.TestRunner.run(TestRunner.java:602)
	at org.testng.SuiteRunner.runTest(SuiteRunner.java:380)
	at org.testng.SuiteRunner.runSequentially(SuiteRunner.java:375)
	at org.testng.SuiteRunner.privateRun(SuiteRunner.java:340)
	at org.testng.SuiteRunner.run(SuiteRunner.java:289)
	at org.testng.SuiteRunnerWorker.runSuite(SuiteRunnerWorker.java:52)
	at org.testng.SuiteRunnerWorker.run(SuiteRunnerWorker.java:86)
	at org.testng.TestNG.runSuitesSequentially(TestNG.java:1301)
	at org.testng.TestNG.runSuitesLocally(TestNG.java:1226)
	at org.testng.TestNG.runSuites(TestNG.java:1144)
	at org.testng.TestNG.run(TestNG.java:1115)
	at org.testng.remote.AbstractRemoteTestNG.run(AbstractRemoteTestNG.java:115)
	at org.testng.remote.RemoteTestNG.initAndRun(RemoteTestNG.java:251)
	at org.testng.remote.RemoteTestNG.main(RemoteTestNG.java:77)
]]>
            </full-stacktrace>
          </exception> <!-- org.testng.SkipException -->
          <reporter-output>
          </reporter-output>
        </test-method> <!-- auditTrailUserData -->
      </class> <!-- obieeReportsTests.AuditTrailUserData -->
      <class name="obieeReportsTests.MilitaryLeave">
        <test-method status="SKIP" signature="militaryLeave(java.lang.String, java.lang.String, java.lang.String, java.lang.String)[pri:0, instance:obieeReportsTests.MilitaryLeave@d21a74c]" name="militaryLeave" duration-ms="1" started-at="2019-12-10T01:10:16Z" data-provider="dp" finished-at="2019-12-10T01:10:16Z">
          <params>
            <param index="0">
              <value>
                <![CDATA[(All Column Values)]]>
              </value>
            </param>
            <param index="1">
              <value>
                <![CDATA[(All Column Values)]]>
              </value>
            </param>
            <param index="2">
              <value>
                <![CDATA[1/1/17]]>
              </value>
            </param>
            <param index="3">
              <value>
                <![CDATA[11/30/19]]>
              </value>
            </param>
          </params>
          <exception class="org.testng.SkipException">
            <message>
              <![CDATA[not running this report currently]]>
            </message>
            <full-stacktrace>
              <![CDATA[org.testng.SkipException: not running this report currently
	at obieeReportsTests.MilitaryLeave.militaryLeave(MilitaryLeave.java:27)
	at sun.reflect.NativeMethodAccessorImpl.invoke0(Native Method)
	at sun.reflect.NativeMethodAccessorImpl.invoke(NativeMethodAccessorImpl.java:62)
	at sun.reflect.DelegatingMethodAccessorImpl.invoke(DelegatingMethodAccessorImpl.java:43)
	at java.lang.reflect.Method.invoke(Method.java:498)
	at org.testng.internal.MethodInvocationHelper.invokeMethod(MethodInvocationHelper.java:108)
	at org.testng.internal.Invoker.invokeMethod(Invoker.java:661)
	at org.testng.internal.Invoker.invokeTestMethod(Invoker.java:869)
	at org.testng.internal.Invoker.invokeTestMethods(Invoker.java:1193)
	at org.testng.internal.TestMethodWorker.invokeTestMethods(TestMethodWorker.java:126)
	at org.testng.internal.TestMethodWorker.run(TestMethodWorker.java:109)
	at org.testng.TestRunner.privateRun(TestRunner.java:744)
	at org.testng.TestRunner.run(TestRunner.java:602)
	at org.testng.SuiteRunner.runTest(SuiteRunner.java:380)
	at org.testng.SuiteRunner.runSequentially(SuiteRunner.java:375)
	at org.testng.SuiteRunner.privateRun(SuiteRunner.java:340)
	at org.testng.SuiteRunner.run(SuiteRunner.java:289)
	at org.testng.SuiteRunnerWorker.runSuite(SuiteRunnerWorker.java:52)
	at org.testng.SuiteRunnerWorker.run(SuiteRunnerWorker.java:86)
	at org.testng.TestNG.runSuitesSequentially(TestNG.java:1301)
	at org.testng.TestNG.runSuitesLocally(TestNG.java:1226)
	at org.testng.TestNG.runSuites(TestNG.java:1144)
	at org.testng.TestNG.run(TestNG.java:1115)
	at org.testng.remote.AbstractRemoteTestNG.run(AbstractRemoteTestNG.java:115)
	at org.testng.remote.RemoteTestNG.initAndRun(RemoteTestNG.java:251)
	at org.testng.remote.RemoteTestNG.main(RemoteTestNG.java:77)
]]>
            </full-stacktrace>
          </exception> <!-- org.testng.SkipException -->
          <reporter-output>
          </reporter-output>
        </test-method> <!-- militaryLeave -->
      </class> <!-- obieeReportsTests.MilitaryLeave -->
      <class name="obieeReportsTests.ExpenseReportByCategory">
        <test-method status="SKIP" signature="expenseReportByCategory(java.lang.String, java.lang.String, java.lang.String, java.lang.String, java.lang.String)[pri:0, instance:obieeReportsTests.ExpenseReportByCategory@6e509ffa]" name="expenseReportByCategory" duration-ms="2" started-at="2019-12-10T01:10:16Z" data-provider="dp" finished-at="2019-12-10T01:10:16Z">
          <params>
            <param index="0">
              <value>
                <![CDATA[(All Column Values)]]>
              </value>
            </param>
            <param index="1">
              <value>
                <![CDATA[(All Column Values)]]>
              </value>
            </param>
            <param index="2">
              <value>
                <![CDATA[1/1/17]]>
              </value>
            </param>
            <param index="3">
              <value>
                <![CDATA[11/30/19]]>
              </value>
            </param>
            <param index="4">
              <value>
                <![CDATA[(All Column Values)]]>
              </value>
            </param>
          </params>
          <exception class="org.testng.SkipException">
            <message>
              <![CDATA[not running this report currently]]>
            </message>
            <full-stacktrace>
              <![CDATA[org.testng.SkipException: not running this report currently
	at obieeReportsTests.ExpenseReportByCategory.expenseReportByCategory(ExpenseReportByCategory.java:29)
	at sun.reflect.NativeMethodAccessorImpl.invoke0(Native Method)
	at sun.reflect.NativeMethodAccessorImpl.invoke(NativeMethodAccessorImpl.java:62)
	at sun.reflect.DelegatingMethodAccessorImpl.invoke(DelegatingMethodAccessorImpl.java:43)
	at java.lang.reflect.Method.invoke(Method.java:498)
	at org.testng.internal.MethodInvocationHelper.invokeMethod(MethodInvocationHelper.java:108)
	at org.testng.internal.Invoker.invokeMethod(Invoker.java:661)
	at org.testng.internal.Invoker.invokeTestMethod(Invoker.java:869)
	at org.testng.internal.Invoker.invokeTestMethods(Invoker.java:1193)
	at org.testng.internal.TestMethodWorker.invokeTestMethods(TestMethodWorker.java:126)
	at org.testng.internal.TestMethodWorker.run(TestMethodWorker.java:109)
	at org.testng.TestRunner.privateRun(TestRunner.java:744)
	at org.testng.TestRunner.run(TestRunner.java:602)
	at org.testng.SuiteRunner.runTest(SuiteRunner.java:380)
	at org.testng.SuiteRunner.runSequentially(SuiteRunner.java:375)
	at org.testng.SuiteRunner.privateRun(SuiteRunner.java:340)
	at org.testng.SuiteRunner.run(SuiteRunner.java:289)
	at org.testng.SuiteRunnerWorker.runSuite(SuiteRunnerWorker.java:52)
	at org.testng.SuiteRunnerWorker.run(SuiteRunnerWorker.java:86)
	at org.testng.TestNG.runSuitesSequentially(TestNG.java:1301)
	at org.testng.TestNG.runSuitesLocally(TestNG.java:1226)
	at org.testng.TestNG.runSuites(TestNG.java:1144)
	at org.testng.TestNG.run(TestNG.java:1115)
	at org.testng.remote.AbstractRemoteTestNG.run(AbstractRemoteTestNG.java:115)
	at org.testng.remote.RemoteTestNG.initAndRun(RemoteTestNG.java:251)
	at org.testng.remote.RemoteTestNG.main(RemoteTestNG.java:77)
]]>
            </full-stacktrace>
          </exception> <!-- org.testng.SkipException -->
          <reporter-output>
          </reporter-output>
        </test-method> <!-- expenseReportByCategory -->
      </class> <!-- obieeReportsTests.ExpenseReportByCategory -->
      <class name="obieeReportsTests.DebtSummaryByMonth">
        <test-method status="SKIP" signature="debtSummaryByMonth(java.lang.String, java.lang.String, java.lang.String, java.lang.String)[pri:0, instance:obieeReportsTests.DebtSummaryByMonth@2898ac89]" name="debtSummaryByMonth" duration-ms="1" started-at="2019-12-10T01:10:16Z" data-provider="dp" finished-at="2019-12-10T01:10:16Z">
          <params>
            <param index="0">
              <value>
                <![CDATA[organization]]>
              </value>
            </param>
            <param index="1">
              <value>
                <![CDATA[(All Column Values)]]>
              </value>
            </param>
            <param index="2">
              <value>
                <![CDATA[(All Column Values)]]>
              </value>
            </param>
            <param index="3">
              <value>
                <![CDATA[(All Column Values)]]>
              </value>
            </param>
          </params>
          <exception class="org.testng.SkipException">
            <message>
              <![CDATA[not running this report currently]]>
            </message>
            <full-stacktrace>
              <![CDATA[org.testng.SkipException: not running this report currently
	at obieeReportsTests.DebtSummaryByMonth.debtSummaryByMonth(DebtSummaryByMonth.java:43)
	at sun.reflect.NativeMethodAccessorImpl.invoke0(Native Method)
	at sun.reflect.NativeMethodAccessorImpl.invoke(NativeMethodAccessorImpl.java:62)
	at sun.reflect.DelegatingMethodAccessorImpl.invoke(DelegatingMethodAccessorImpl.java:43)
	at java.lang.reflect.Method.invoke(Method.java:498)
	at org.testng.internal.MethodInvocationHelper.invokeMethod(MethodInvocationHelper.java:108)
	at org.testng.internal.Invoker.invokeMethod(Invoker.java:661)
	at org.testng.internal.Invoker.invokeTestMethod(Invoker.java:869)
	at org.testng.internal.Invoker.invokeTestMethods(Invoker.java:1193)
	at org.testng.internal.TestMethodWorker.invokeTestMethods(TestMethodWorker.java:126)
	at org.testng.internal.TestMethodWorker.run(TestMethodWorker.java:109)
	at org.testng.TestRunner.privateRun(TestRunner.java:744)
	at org.testng.TestRunner.run(TestRunner.java:602)
	at org.testng.SuiteRunner.runTest(SuiteRunner.java:380)
	at org.testng.SuiteRunner.runSequentially(SuiteRunner.java:375)
	at org.testng.SuiteRunner.privateRun(SuiteRunner.java:340)
	at org.testng.SuiteRunner.run(SuiteRunner.java:289)
	at org.testng.SuiteRunnerWorker.runSuite(SuiteRunnerWorker.java:52)
	at org.testng.SuiteRunnerWorker.run(SuiteRunnerWorker.java:86)
	at org.testng.TestNG.runSuitesSequentially(TestNG.java:1301)
	at org.testng.TestNG.runSuitesLocally(TestNG.java:1226)
	at org.testng.TestNG.runSuites(TestNG.java:1144)
	at org.testng.TestNG.run(TestNG.java:1115)
	at org.testng.remote.AbstractRemoteTestNG.run(AbstractRemoteTestNG.java:115)
	at org.testng.remote.RemoteTestNG.initAndRun(RemoteTestNG.java:251)
	at org.testng.remote.RemoteTestNG.main(RemoteTestNG.java:77)
]]>
            </full-stacktrace>
          </exception> <!-- org.testng.SkipException -->
          <reporter-output>
          </reporter-output>
        </test-method> <!-- debtSummaryByMonth -->
      </class> <!-- obieeReportsTests.DebtSummaryByMonth -->
      <class name="obieeReportsTests.ReportAdjustments">
        <test-method status="SKIP" signature="reportAdjustments(java.lang.String, java.lang.String, java.lang.String, java.lang.String, java.lang.String, java.lang.String, java.lang.String)[pri:0, instance:obieeReportsTests.ReportAdjustments@683dbc2c]" name="reportAdjustments" duration-ms="1" started-at="2019-12-10T01:10:16Z" data-provider="dp" finished-at="2019-12-10T01:10:16Z">
          <params>
            <param index="0">
              <value>
                <![CDATA[(All Column Values)]]>
              </value>
            </param>
            <param index="1">
              <value>
                <![CDATA[(All Column Values)]]>
              </value>
            </param>
            <param index="2">
              <value>
                <![CDATA[1/1/17]]>
              </value>
            </param>
            <param index="3">
              <value>
                <![CDATA[11/30/19]]>
              </value>
            </param>
            <param index="4">
              <value>
                <![CDATA[NULL]]>
              </value>
            </param>
            <param index="5">
              <value>
                <![CDATA[NULL]]>
              </value>
            </param>
            <param index="6">
              <value>
                <![CDATA[NULL]]>
              </value>
            </param>
          </params>
          <exception class="org.testng.SkipException">
            <message>
              <![CDATA[not running this report currently]]>
            </message>
            <full-stacktrace>
              <![CDATA[org.testng.SkipException: not running this report currently
	at obieeReportsTests.ReportAdjustments.reportAdjustments(ReportAdjustments.java:33)
	at sun.reflect.NativeMethodAccessorImpl.invoke0(Native Method)
	at sun.reflect.NativeMethodAccessorImpl.invoke(NativeMethodAccessorImpl.java:62)
	at sun.reflect.DelegatingMethodAccessorImpl.invoke(DelegatingMethodAccessorImpl.java:43)
	at java.lang.reflect.Method.invoke(Method.java:498)
	at org.testng.internal.MethodInvocationHelper.invokeMethod(MethodInvocationHelper.java:108)
	at org.testng.internal.Invoker.invokeMethod(Invoker.java:661)
	at org.testng.internal.Invoker.invokeTestMethod(Invoker.java:869)
	at org.testng.internal.Invoker.invokeTestMethods(Invoker.java:1193)
	at org.testng.internal.TestMethodWorker.invokeTestMethods(TestMethodWorker.java:126)
	at org.testng.internal.TestMethodWorker.run(TestMethodWorker.java:109)
	at org.testng.TestRunner.privateRun(TestRunner.java:744)
	at org.testng.TestRunner.run(TestRunner.java:602)
	at org.testng.SuiteRunner.runTest(SuiteRunner.java:380)
	at org.testng.SuiteRunner.runSequentially(SuiteRunner.java:375)
	at org.testng.SuiteRunner.privateRun(SuiteRunner.java:340)
	at org.testng.SuiteRunner.run(SuiteRunner.java:289)
	at org.testng.SuiteRunnerWorker.runSuite(SuiteRunnerWorker.java:52)
	at org.testng.SuiteRunnerWorker.run(SuiteRunnerWorker.java:86)
	at org.testng.TestNG.runSuitesSequentially(TestNG.java:1301)
	at org.testng.TestNG.runSuitesLocally(TestNG.java:1226)
	at org.testng.TestNG.runSuites(TestNG.java:1144)
	at org.testng.TestNG.run(TestNG.java:1115)
	at org.testng.remote.AbstractRemoteTestNG.run(AbstractRemoteTestNG.java:115)
	at org.testng.remote.RemoteTestNG.initAndRun(RemoteTestNG.java:251)
	at org.testng.remote.RemoteTestNG.main(RemoteTestNG.java:77)
]]>
            </full-stacktrace>
          </exception> <!-- org.testng.SkipException -->
          <reporter-output>
          </reporter-output>
        </test-method> <!-- reportAdjustments -->
      </class> <!-- obieeReportsTests.ReportAdjustments -->
      <class name="obieeReportsTests.DocumentStatusDetails">
        <test-method status="SKIP" signature="documentStatusDetails(java.lang.String, java.lang.String, java.lang.String, java.lang.String, java.lang.String, java.lang.String, java.lang.String, java.lang.String, java.lang.String, java.lang.String, java.lang.String)[pri:0, instance:obieeReportsTests.DocumentStatusDetails@68267da0]" name="documentStatusDetails" duration-ms="1" started-at="2019-12-10T01:10:16Z" data-provider="dp" finished-at="2019-12-10T01:10:16Z">
          <params>
            <param index="0">
              <value>
                <![CDATA[(All Column Values)]]>
              </value>
            </param>
            <param index="1">
              <value>
                <![CDATA[(All Column Values)]]>
              </value>
            </param>
            <param index="2">
              <value>
                <![CDATA[past date]]>
              </value>
            </param>
            <param index="3">
              <value>
                <![CDATA[1/1/16]]>
              </value>
            </param>
            <param index="4">
              <value>
                <![CDATA[11/30/19]]>
              </value>
            </param>
            <param index="5">
              <value>
                <![CDATA[1/1/16]]>
              </value>
            </param>
            <param index="6">
              <value>
                <![CDATA[11/30/19]]>
              </value>
            </param>
            <param index="7">
              <value>
                <![CDATA[1/1/16]]>
              </value>
            </param>
            <param index="8">
              <value>
                <![CDATA[11/30/19]]>
              </value>
            </param>
            <param index="9">
              <value>
                <![CDATA[(All Column Values)]]>
              </value>
            </param>
            <param index="10">
              <value>
                <![CDATA[(All Column Values)]]>
              </value>
            </param>
          </params>
          <exception class="org.testng.SkipException">
            <message>
              <![CDATA[not running this report currently]]>
            </message>
            <full-stacktrace>
              <![CDATA[org.testng.SkipException: not running this report currently
	at obieeReportsTests.DocumentStatusDetails.documentStatusDetails(DocumentStatusDetails.java:37)
	at sun.reflect.NativeMethodAccessorImpl.invoke0(Native Method)
	at sun.reflect.NativeMethodAccessorImpl.invoke(NativeMethodAccessorImpl.java:62)
	at sun.reflect.DelegatingMethodAccessorImpl.invoke(DelegatingMethodAccessorImpl.java:43)
	at java.lang.reflect.Method.invoke(Method.java:498)
	at org.testng.internal.MethodInvocationHelper.invokeMethod(MethodInvocationHelper.java:108)
	at org.testng.internal.Invoker.invokeMethod(Invoker.java:661)
	at org.testng.internal.Invoker.invokeTestMethod(Invoker.java:869)
	at org.testng.internal.Invoker.invokeTestMethods(Invoker.java:1193)
	at org.testng.internal.TestMethodWorker.invokeTestMethods(TestMethodWorker.java:126)
	at org.testng.internal.TestMethodWorker.run(TestMethodWorker.java:109)
	at org.testng.TestRunner.privateRun(TestRunner.java:744)
	at org.testng.TestRunner.run(TestRunner.java:602)
	at org.testng.SuiteRunner.runTest(SuiteRunner.java:380)
	at org.testng.SuiteRunner.runSequentially(SuiteRunner.java:375)
	at org.testng.SuiteRunner.privateRun(SuiteRunner.java:340)
	at org.testng.SuiteRunner.run(SuiteRunner.java:289)
	at org.testng.SuiteRunnerWorker.runSuite(SuiteRunnerWorker.java:52)
	at org.testng.SuiteRunnerWorker.run(SuiteRunnerWorker.java:86)
	at org.testng.TestNG.runSuitesSequentially(TestNG.java:1301)
	at org.testng.TestNG.runSuitesLocally(TestNG.java:1226)
	at org.testng.TestNG.runSuites(TestNG.java:1144)
	at org.testng.TestNG.run(TestNG.java:1115)
	at org.testng.remote.AbstractRemoteTestNG.run(AbstractRemoteTestNG.java:115)
	at org.testng.remote.RemoteTestNG.initAndRun(RemoteTestNG.java:251)
	at org.testng.remote.RemoteTestNG.main(RemoteTestNG.java:77)
]]>
            </full-stacktrace>
          </exception> <!-- org.testng.SkipException -->
          <reporter-output>
          </reporter-output>
        </test-method> <!-- documentStatusDetails -->
      </class> <!-- obieeReportsTests.DocumentStatusDetails -->
      <class name="obieeReportsTests.PosAckDelinquency">
        <test-method status="SKIP" signature="posAckDelinquency(java.lang.String, java.lang.String, java.lang.String)[pri:0, instance:obieeReportsTests.PosAckDelinquency@2638011]" name="posAckDelinquency" duration-ms="1" started-at="2019-12-10T01:10:16Z" data-provider="dp" finished-at="2019-12-10T01:10:16Z">
          <params>
            <param index="0">
              <value>
                <![CDATA[(All Column Values)]]>
              </value>
            </param>
            <param index="1">
              <value>
                <![CDATA[(All Column Values)]]>
              </value>
            </param>
            <param index="2">
              <value>
                <![CDATA[72.0]]>
              </value>
            </param>
          </params>
          <exception class="org.testng.SkipException">
            <message>
              <![CDATA[not running this report currently]]>
            </message>
            <full-stacktrace>
              <![CDATA[org.testng.SkipException: not running this report currently
	at obieeReportsTests.PosAckDelinquency.posAckDelinquency(PosAckDelinquency.java:29)
	at sun.reflect.NativeMethodAccessorImpl.invoke0(Native Method)
	at sun.reflect.NativeMethodAccessorImpl.invoke(NativeMethodAccessorImpl.java:62)
	at sun.reflect.DelegatingMethodAccessorImpl.invoke(DelegatingMethodAccessorImpl.java:43)
	at java.lang.reflect.Method.invoke(Method.java:498)
	at org.testng.internal.MethodInvocationHelper.invokeMethod(MethodInvocationHelper.java:108)
	at org.testng.internal.Invoker.invokeMethod(Invoker.java:661)
	at org.testng.internal.Invoker.invokeTestMethod(Invoker.java:869)
	at org.testng.internal.Invoker.invokeTestMethods(Invoker.java:1193)
	at org.testng.internal.TestMethodWorker.invokeTestMethods(TestMethodWorker.java:126)
	at org.testng.internal.TestMethodWorker.run(TestMethodWorker.java:109)
	at org.testng.TestRunner.privateRun(TestRunner.java:744)
	at org.testng.TestRunner.run(TestRunner.java:602)
	at org.testng.SuiteRunner.runTest(SuiteRunner.java:380)
	at org.testng.SuiteRunner.runSequentially(SuiteRunner.java:375)
	at org.testng.SuiteRunner.privateRun(SuiteRunner.java:340)
	at org.testng.SuiteRunner.run(SuiteRunner.java:289)
	at org.testng.SuiteRunnerWorker.runSuite(SuiteRunnerWorker.java:52)
	at org.testng.SuiteRunnerWorker.run(SuiteRunnerWorker.java:86)
	at org.testng.TestNG.runSuitesSequentially(TestNG.java:1301)
	at org.testng.TestNG.runSuitesLocally(TestNG.java:1226)
	at org.testng.TestNG.runSuites(TestNG.java:1144)
	at org.testng.TestNG.run(TestNG.java:1115)
	at org.testng.remote.AbstractRemoteTestNG.run(AbstractRemoteTestNG.java:115)
	at org.testng.remote.RemoteTestNG.initAndRun(RemoteTestNG.java:251)
	at org.testng.remote.RemoteTestNG.main(RemoteTestNG.java:77)
]]>
            </full-stacktrace>
          </exception> <!-- org.testng.SkipException -->
          <reporter-output>
          </reporter-output>
        </test-method> <!-- posAckDelinquency -->
      </class> <!-- obieeReportsTests.PosAckDelinquency -->
      <class name="obieeReportsTests.PendingAirlineCancellation">
        <test-method status="SKIP" signature="pendingAirlineCancellation(java.lang.String, java.lang.String, java.lang.String, java.lang.String)[pri:0, instance:obieeReportsTests.PendingAirlineCancellation@6ff29830]" name="pendingAirlineCancellation" duration-ms="1" started-at="2019-12-10T01:10:16Z" data-provider="dp" finished-at="2019-12-10T01:10:16Z">
          <params>
            <param index="0">
              <value>
                <![CDATA[24.0]]>
              </value>
            </param>
            <param index="1">
              <value>
                <![CDATA[120.0]]>
              </value>
            </param>
            <param index="2">
              <value>
                <![CDATA[(All Column Values)]]>
              </value>
            </param>
            <param index="3">
              <value>
                <![CDATA[(All Column Values)]]>
              </value>
            </param>
          </params>
          <exception class="org.testng.SkipException">
            <message>
              <![CDATA[not running this report currently]]>
            </message>
            <full-stacktrace>
              <![CDATA[org.testng.SkipException: not running this report currently
	at obieeReportsTests.PendingAirlineCancellation.pendingAirlineCancellation(PendingAirlineCancellation.java:28)
	at sun.reflect.NativeMethodAccessorImpl.invoke0(Native Method)
	at sun.reflect.NativeMethodAccessorImpl.invoke(NativeMethodAccessorImpl.java:62)
	at sun.reflect.DelegatingMethodAccessorImpl.invoke(DelegatingMethodAccessorImpl.java:43)
	at java.lang.reflect.Method.invoke(Method.java:498)
	at org.testng.internal.MethodInvocationHelper.invokeMethod(MethodInvocationHelper.java:108)
	at org.testng.internal.Invoker.invokeMethod(Invoker.java:661)
	at org.testng.internal.Invoker.invokeTestMethod(Invoker.java:869)
	at org.testng.internal.Invoker.invokeTestMethods(Invoker.java:1193)
	at org.testng.internal.TestMethodWorker.invokeTestMethods(TestMethodWorker.java:126)
	at org.testng.internal.TestMethodWorker.run(TestMethodWorker.java:109)
	at org.testng.TestRunner.privateRun(TestRunner.java:744)
	at org.testng.TestRunner.run(TestRunner.java:602)
	at org.testng.SuiteRunner.runTest(SuiteRunner.java:380)
	at org.testng.SuiteRunner.runSequentially(SuiteRunner.java:375)
	at org.testng.SuiteRunner.privateRun(SuiteRunner.java:340)
	at org.testng.SuiteRunner.run(SuiteRunner.java:289)
	at org.testng.SuiteRunnerWorker.runSuite(SuiteRunnerWorker.java:52)
	at org.testng.SuiteRunnerWorker.run(SuiteRunnerWorker.java:86)
	at org.testng.TestNG.runSuitesSequentially(TestNG.java:1301)
	at org.testng.TestNG.runSuitesLocally(TestNG.java:1226)
	at org.testng.TestNG.runSuites(TestNG.java:1144)
	at org.testng.TestNG.run(TestNG.java:1115)
	at org.testng.remote.AbstractRemoteTestNG.run(AbstractRemoteTestNG.java:115)
	at org.testng.remote.RemoteTestNG.initAndRun(RemoteTestNG.java:251)
	at org.testng.remote.RemoteTestNG.main(RemoteTestNG.java:77)
]]>
            </full-stacktrace>
          </exception> <!-- org.testng.SkipException -->
          <reporter-output>
          </reporter-output>
        </test-method> <!-- pendingAirlineCancellation -->
      </class> <!-- obieeReportsTests.PendingAirlineCancellation -->
      <class name="obieeReportsTests.ReportFSA">
        <test-method status="SKIP" signature="reportFSA(java.lang.String, java.lang.String, java.lang.String, java.lang.String)[pri:0, instance:obieeReportsTests.ReportFSA@6a2b953e]" name="reportFSA" duration-ms="1" started-at="2019-12-10T01:10:16Z" data-provider="dp" finished-at="2019-12-10T01:10:16Z">
          <params>
            <param index="0">
              <value>
                <![CDATA[(All Column Values)]]>
              </value>
            </param>
            <param index="1">
              <value>
                <![CDATA[(All Column Values)]]>
              </value>
            </param>
            <param index="2">
              <value>
                <![CDATA[1/1/17]]>
              </value>
            </param>
            <param index="3">
              <value>
                <![CDATA[11/30/19]]>
              </value>
            </param>
          </params>
          <exception class="org.testng.SkipException">
            <message>
              <![CDATA[not running this report currently]]>
            </message>
            <full-stacktrace>
              <![CDATA[org.testng.SkipException: not running this report currently
	at obieeReportsTests.ReportFSA.reportFSA(ReportFSA.java:27)
	at sun.reflect.NativeMethodAccessorImpl.invoke0(Native Method)
	at sun.reflect.NativeMethodAccessorImpl.invoke(NativeMethodAccessorImpl.java:62)
	at sun.reflect.DelegatingMethodAccessorImpl.invoke(DelegatingMethodAccessorImpl.java:43)
	at java.lang.reflect.Method.invoke(Method.java:498)
	at org.testng.internal.MethodInvocationHelper.invokeMethod(MethodInvocationHelper.java:108)
	at org.testng.internal.Invoker.invokeMethod(Invoker.java:661)
	at org.testng.internal.Invoker.invokeTestMethod(Invoker.java:869)
	at org.testng.internal.Invoker.invokeTestMethods(Invoker.java:1193)
	at org.testng.internal.TestMethodWorker.invokeTestMethods(TestMethodWorker.java:126)
	at org.testng.internal.TestMethodWorker.run(TestMethodWorker.java:109)
	at org.testng.TestRunner.privateRun(TestRunner.java:744)
	at org.testng.TestRunner.run(TestRunner.java:602)
	at org.testng.SuiteRunner.runTest(SuiteRunner.java:380)
	at org.testng.SuiteRunner.runSequentially(SuiteRunner.java:375)
	at org.testng.SuiteRunner.privateRun(SuiteRunner.java:340)
	at org.testng.SuiteRunner.run(SuiteRunner.java:289)
	at org.testng.SuiteRunnerWorker.runSuite(SuiteRunnerWorker.java:52)
	at org.testng.SuiteRunnerWorker.run(SuiteRunnerWorker.java:86)
	at org.testng.TestNG.runSuitesSequentially(TestNG.java:1301)
	at org.testng.TestNG.runSuitesLocally(TestNG.java:1226)
	at org.testng.TestNG.runSuites(TestNG.java:1144)
	at org.testng.TestNG.run(TestNG.java:1115)
	at org.testng.remote.AbstractRemoteTestNG.run(AbstractRemoteTestNG.java:115)
	at org.testng.remote.RemoteTestNG.initAndRun(RemoteTestNG.java:251)
	at org.testng.remote.RemoteTestNG.main(RemoteTestNG.java:77)
]]>
            </full-stacktrace>
          </exception> <!-- org.testng.SkipException -->
          <reporter-output>
          </reporter-output>
        </test-method> <!-- reportFSA -->
      </class> <!-- obieeReportsTests.ReportFSA -->
    </test> <!-- Default test -->
  </suite> <!-- Default suite -->
</testng-results>
